d:\development\projects\d3d9\release\vc140.pdb
d:\development\projects\d3d9\release\modules.obj
d:\development\projects\d3d9\release\image.obj
d:\development\projects\d3d9\release\disasm.obj
d:\development\projects\d3d9\release\detours.obj
d:\development\projects\d3d9\release\creatwth.obj
d:\development\projects\d3d9\release\proxydll.obj
d:\development\projects\d3d9\release\myidirect3dswapchain9.obj
d:\development\projects\d3d9\release\myidirect3ddevice9.obj
d:\development\projects\d3d9\release\myidirect3d9.obj
d:\development\projects\d3d9\release\dxgihook.obj
d:\development\projects\d3d9\release\d3d9.lib
d:\development\projects\d3d9\release\d3d9.exp
d:\development\projects\d3d9\release\d3d9.dll
d:\development\projects\d3d9\release\d3d9.ipdb
d:\development\projects\d3d9\release\d3d9.iobj
d:\development\projects\d3d9\release\d3d9.pdb
d:\development\projects\d3d9\release\d3d9.tlog\cl.command.1.tlog
d:\development\projects\d3d9\release\d3d9.tlog\cl.read.1.tlog
d:\development\projects\d3d9\release\d3d9.tlog\cl.write.1.tlog
d:\development\projects\d3d9\release\d3d9.tlog\d3d9.write.1u.tlog
d:\development\projects\d3d9\release\d3d9.tlog\link.command.1.tlog
d:\development\projects\d3d9\release\d3d9.tlog\link.read.1.tlog
d:\development\projects\d3d9\release\d3d9.tlog\link.write.1.tlog
