d:\development\github\sdx\tmu\release\d3d9.pch
d:\development\github\sdx\tmu\release\d3d9.pdb
d:\development\github\sdx\tmu\release\proxydll.obj
d:\development\github\sdx\tmu\release\vc140.pdb
d:\development\github\sdx\tmu\release\myidirect3dswapchain9.obj
d:\development\github\sdx\tmu\release\myidirect3ddevice9.obj
d:\development\github\sdx\tmu\release\myidirect3d9.obj
d:\development\github\sdx\tmu\release\tmufix.obj
d:\development\github\sdx\tmu\release\proxydll.lib
d:\development\github\sdx\tmu\release\proxydll.exp
d:\development\github\sdx\tmu\release\d3d9.dll
d:\development\github\sdx\tmu\release\d3d9.tlog\cl.command.1.tlog
d:\development\github\sdx\tmu\release\d3d9.tlog\cl.read.1.tlog
d:\development\github\sdx\tmu\release\d3d9.tlog\cl.write.1.tlog
d:\development\github\sdx\tmu\release\d3d9.tlog\d3d9.write.1u.tlog
d:\development\github\sdx\tmu\release\d3d9.tlog\lib-link.read.1.tlog
d:\development\github\sdx\tmu\release\d3d9.tlog\lib-link.write.1.tlog
d:\development\github\sdx\tmu\release\d3d9.tlog\lib.command.1.tlog
d:\development\github\sdx\tmu\release\d3d9.tlog\link.command.1.tlog
d:\development\github\sdx\tmu\release\d3d9.tlog\link.read.1.tlog
d:\development\github\sdx\tmu\release\d3d9.tlog\link.write.1.tlog
